# On branch master
# Changed but not updated:
#   (use "git add <file>..." to update what will be committed)
#   (use "git checkout -- <file>..." to discard changes in working directory)
#
#	modified:   man/man4/Makefile
#	modified:   man/man4/azalia.4
#	modified:   man/man4/bktr.4
#	modified:   man/man4/cardbus.4
#	modified:   man/man4/dc.4
#	modified:   man/man4/envy.4
#	modified:   man/man4/ichiic.4
#	modified:   man/man4/iwn.4
#	modified:   man/man4/man4.sgi/macebus.4
#	modified:   man/man4/man4.sgi/mavb.4
#	modified:   man/man4/man4.sgi/mec.4
#	modified:   man/man4/man4.sgi/mkbc.4
#	modified:   man/man4/man4.sgi/power.4
#	modified:   man/man4/man4.sgi/xbridge.4
#	modified:   man/man4/man4.sparc64/gfxp.4
#	modified:   man/man4/otus.4
#	modified:   man/man4/pci.4
#	modified:   man/man4/ral.4
#	modified:   man/man4/run.4
#	modified:   man/man4/softraid.4
#	modified:   man/man4/usb.4
#	modified:   man/man5/moduli.5
#	modified:   status.log
#	modified:   termtypes/termtypes.master
#	modified:   up.log
#	modified:   zoneinfo/datfiles/southamerica
#
# Untracked files:
#   (use "git add <file>..." to include in what will be committed)
#
#	man/man4/mpii.4
no changes added to commit (use "git add" and/or "git commit -a")
