? .git
? .gitignore
? status.log
? up.log
P man/man4/Makefile
P man/man4/acpi.4
U man/man4/aibs.4
P man/man4/bio.4
P man/man4/bmtphy.4
P man/man4/brgphy.4
P man/man4/ciphy.4
P man/man4/dcphy.4
P man/man4/eephy.4
P man/man4/exphy.4
P man/man4/iophy.4
P man/man4/ipgphy.4
P man/man4/isa.4
P man/man4/km.4
P man/man4/luphy.4
P man/man4/mpi.4
P man/man4/nsgphy.4
P man/man4/nsphy.4
P man/man4/pci.4
P man/man4/rgephy.4
P man/man4/rlphy.4
P man/man4/run.4
P man/man4/softraid.4
P man/man4/ti.4
P man/man4/tlphy.4
P man/man4/udl.4
P man/man4/urlphy.4
P man/man4/urtw.4
P man/man4/xmphy.4
P man/man5/pf.conf.5
P man/man8/man8.alpha/MAKEDEV.8
P man/man8/man8.amd64/MAKEDEV.8
P man/man8/man8.armish/MAKEDEV.8
P man/man8/man8.i386/MAKEDEV.8
P man/man8/man8.landisk/MAKEDEV.8
P man/man8/man8.zaurus/MAKEDEV.8
P man/man9/Makefile
P man/man9/bus_space.9
P man/man9/fork1.9
P zoneinfo/datfiles/africa
P zoneinfo/datfiles/asia
P zoneinfo/datfiles/europe
P zoneinfo/datfiles/leapseconds
